----------------------------------------------------------------
Tue Sep 27 12:58:47 GMT+05:30 2022:
Booting Derby version The Apache Software Foundation - Apache Derby - 10.14.2.0 - (1828579): instance a816c00e-0183-7dd9-26bf-00000193cbf8 
on database directory memory:C:\Users\c1julymind158\eclipse-workspace\SectionJpa\9ef0a85b-af91-4eaf-a25b-1f86e3e24cc9 with class loader jdk.internal.loader.ClassLoaders$AppClassLoader@2328c243 
Loaded from file:/C:/Users/c1julymind158/.m2/repository/org/apache/derby/derby/10.14.2.0/derby-10.14.2.0.jar
java.vendor=Eclipse Adoptium
java.runtime.version=18.0.1+10
user.dir=C:\Users\c1julymind158\eclipse-workspace\SectionJpa
os.name=Windows 10
os.arch=amd64
os.version=10.0
derby.system.home=null
Database Class Loader started - derby.database.classpath=''
----------------------------------------------------------------
Tue Sep 27 13:03:09 GMT+05:30 2022:
Shutting down instance a816c00e-0183-7dd9-26bf-00000193cbf8 on database directory memory:C:\Users\c1julymind158\eclipse-workspace\SectionJpa\9ef0a85b-af91-4eaf-a25b-1f86e3e24cc9 with class loader jdk.internal.loader.ClassLoaders$AppClassLoader@2328c243 
----------------------------------------------------------------
Tue Sep 27 13:03:10 GMT+05:30 2022:
Booting Derby version The Apache Software Foundation - Apache Derby - 10.14.2.0 - (1828579): instance 0ddd00a9-0183-7dd9-26bf-00000193cbf8 
on database directory memory:C:\Users\c1julymind158\eclipse-workspace\SectionJpa\0071c2a9-8202-4bd3-b466-818453c3e5f1 with class loader jdk.internal.loader.ClassLoaders$AppClassLoader@2328c243 
Loaded from file:/C:/Users/c1julymind158/.m2/repository/org/apache/derby/derby/10.14.2.0/derby-10.14.2.0.jar
java.vendor=Eclipse Adoptium
java.runtime.version=18.0.1+10
user.dir=C:\Users\c1julymind158\eclipse-workspace\SectionJpa
os.name=Windows 10
os.arch=amd64
os.version=10.0
derby.system.home=null
Database Class Loader started - derby.database.classpath=''
----------------------------------------------------------------
Tue Sep 27 13:05:12 GMT+05:30 2022:
Shutting down instance 0ddd00a9-0183-7dd9-26bf-00000193cbf8 on database directory memory:C:\Users\c1julymind158\eclipse-workspace\SectionJpa\0071c2a9-8202-4bd3-b466-818453c3e5f1 with class loader jdk.internal.loader.ClassLoaders$AppClassLoader@2328c243 
----------------------------------------------------------------
Tue Sep 27 13:05:14 GMT+05:30 2022:
Booting Derby version The Apache Software Foundation - Apache Derby - 10.14.2.0 - (1828579): instance 96a2414f-0183-7dd9-26bf-00000193cbf8 
on database directory memory:C:\Users\c1julymind158\eclipse-workspace\SectionJpa\2d4660f8-12ac-41d8-8ff7-32f823b07ff2 with class loader jdk.internal.loader.ClassLoaders$AppClassLoader@2328c243 
Loaded from file:/C:/Users/c1julymind158/.m2/repository/org/apache/derby/derby/10.14.2.0/derby-10.14.2.0.jar
java.vendor=Eclipse Adoptium
java.runtime.version=18.0.1+10
user.dir=C:\Users\c1julymind158\eclipse-workspace\SectionJpa
os.name=Windows 10
os.arch=amd64
os.version=10.0
derby.system.home=null
Database Class Loader started - derby.database.classpath=''
----------------------------------------------------------------
Tue Sep 27 13:05:59 GMT+05:30 2022:
Shutting down instance 96a2414f-0183-7dd9-26bf-00000193cbf8 on database directory memory:C:\Users\c1julymind158\eclipse-workspace\SectionJpa\2d4660f8-12ac-41d8-8ff7-32f823b07ff2 with class loader jdk.internal.loader.ClassLoaders$AppClassLoader@2328c243 
----------------------------------------------------------------
Tue Sep 27 13:06:00 GMT+05:30 2022:
Booting Derby version The Apache Software Foundation - Apache Derby - 10.14.2.0 - (1828579): instance ba5081f5-0183-7dd9-26bf-00000193cbf8 
on database directory memory:C:\Users\c1julymind158\eclipse-workspace\SectionJpa\c8c63662-b3d6-40b3-9803-aa4407f05455 with class loader jdk.internal.loader.ClassLoaders$AppClassLoader@2328c243 
Loaded from file:/C:/Users/c1julymind158/.m2/repository/org/apache/derby/derby/10.14.2.0/derby-10.14.2.0.jar
java.vendor=Eclipse Adoptium
java.runtime.version=18.0.1+10
user.dir=C:\Users\c1julymind158\eclipse-workspace\SectionJpa
os.name=Windows 10
os.arch=amd64
os.version=10.0
derby.system.home=null
Database Class Loader started - derby.database.classpath=''
----------------------------------------------------------------
Tue Sep 27 13:06:43 GMT+05:30 2022:
Shutting down instance ba5081f5-0183-7dd9-26bf-00000193cbf8 on database directory memory:C:\Users\c1julymind158\eclipse-workspace\SectionJpa\c8c63662-b3d6-40b3-9803-aa4407f05455 with class loader jdk.internal.loader.ClassLoaders$AppClassLoader@2328c243 
----------------------------------------------------------------
Tue Sep 27 13:06:44 GMT+05:30 2022:
Booting Derby version The Apache Software Foundation - Apache Derby - 10.14.2.0 - (1828579): instance f8e7c29b-0183-7dd9-26bf-00000193cbf8 
on database directory memory:C:\Users\c1julymind158\eclipse-workspace\SectionJpa\095b6579-1afa-46e0-bffb-431fe7191d47 with class loader jdk.internal.loader.ClassLoaders$AppClassLoader@2328c243 
Loaded from file:/C:/Users/c1julymind158/.m2/repository/org/apache/derby/derby/10.14.2.0/derby-10.14.2.0.jar
java.vendor=Eclipse Adoptium
java.runtime.version=18.0.1+10
user.dir=C:\Users\c1julymind158\eclipse-workspace\SectionJpa
os.name=Windows 10
os.arch=amd64
os.version=10.0
derby.system.home=null
Database Class Loader started - derby.database.classpath=''
----------------------------------------------------------------
Tue Sep 27 13:07:01 GMT+05:30 2022:
Shutting down instance f8e7c29b-0183-7dd9-26bf-00000193cbf8 on database directory memory:C:\Users\c1julymind158\eclipse-workspace\SectionJpa\095b6579-1afa-46e0-bffb-431fe7191d47 with class loader jdk.internal.loader.ClassLoaders$AppClassLoader@2328c243 
----------------------------------------------------------------
Tue Sep 27 13:07:02 GMT+05:30 2022:
Booting Derby version The Apache Software Foundation - Apache Derby - 10.14.2.0 - (1828579): instance d2680341-0183-7dd9-26bf-00000193cbf8 
on database directory memory:C:\Users\c1julymind158\eclipse-workspace\SectionJpa\18962636-5ab0-418d-80ca-2a0212690eb1 with class loader jdk.internal.loader.ClassLoaders$AppClassLoader@2328c243 
Loaded from file:/C:/Users/c1julymind158/.m2/repository/org/apache/derby/derby/10.14.2.0/derby-10.14.2.0.jar
java.vendor=Eclipse Adoptium
java.runtime.version=18.0.1+10
user.dir=C:\Users\c1julymind158\eclipse-workspace\SectionJpa
os.name=Windows 10
os.arch=amd64
os.version=10.0
derby.system.home=null
Database Class Loader started - derby.database.classpath=''
----------------------------------------------------------------
Tue Sep 27 13:07:03 GMT+05:30 2022:
Shutting down instance d2680341-0183-7dd9-26bf-00000193cbf8 on database directory memory:C:\Users\c1julymind158\eclipse-workspace\SectionJpa\18962636-5ab0-418d-80ca-2a0212690eb1 with class loader jdk.internal.loader.ClassLoaders$AppClassLoader@2328c243 
----------------------------------------------------------------
Tue Sep 27 13:07:32 GMT+05:30 2022:
Booting Derby version The Apache Software Foundation - Apache Derby - 10.14.2.0 - (1828579): instance c6d143e7-0183-7dd9-26bf-00000193cbf8 
on database directory memory:C:\Users\c1julymind158\eclipse-workspace\SectionJpa\464074e3-b3af-42e5-935f-a96a15c6921d with class loader jdk.internal.loader.ClassLoaders$AppClassLoader@2328c243 
Loaded from file:/C:/Users/c1julymind158/.m2/repository/org/apache/derby/derby/10.14.2.0/derby-10.14.2.0.jar
java.vendor=Eclipse Adoptium
java.runtime.version=18.0.1+10
user.dir=C:\Users\c1julymind158\eclipse-workspace\SectionJpa
os.name=Windows 10
os.arch=amd64
os.version=10.0
derby.system.home=null
Database Class Loader started - derby.database.classpath=''
----------------------------------------------------------------
Tue Sep 27 13:07:41 GMT+05:30 2022:
Shutting down instance c6d143e7-0183-7dd9-26bf-00000193cbf8 on database directory memory:C:\Users\c1julymind158\eclipse-workspace\SectionJpa\464074e3-b3af-42e5-935f-a96a15c6921d with class loader jdk.internal.loader.ClassLoaders$AppClassLoader@2328c243 
----------------------------------------------------------------
Tue Sep 27 13:07:42 GMT+05:30 2022:
Booting Derby version The Apache Software Foundation - Apache Derby - 10.14.2.0 - (1828579): instance 5623848d-0183-7dd9-26bf-00000193cbf8 
on database directory memory:C:\Users\c1julymind158\eclipse-workspace\SectionJpa\408f4c59-ede6-45da-b772-412011a3d377 with class loader jdk.internal.loader.ClassLoaders$AppClassLoader@2328c243 
Loaded from file:/C:/Users/c1julymind158/.m2/repository/org/apache/derby/derby/10.14.2.0/derby-10.14.2.0.jar
java.vendor=Eclipse Adoptium
java.runtime.version=18.0.1+10
user.dir=C:\Users\c1julymind158\eclipse-workspace\SectionJpa
os.name=Windows 10
os.arch=amd64
os.version=10.0
derby.system.home=null
Database Class Loader started - derby.database.classpath=''
----------------------------------------------------------------
Tue Sep 27 13:08:08 GMT+05:30 2022:
Shutting down instance 5623848d-0183-7dd9-26bf-00000193cbf8 on database directory memory:C:\Users\c1julymind158\eclipse-workspace\SectionJpa\408f4c59-ede6-45da-b772-412011a3d377 with class loader jdk.internal.loader.ClassLoaders$AppClassLoader@2328c243 
----------------------------------------------------------------
Tue Sep 27 13:08:09 GMT+05:30 2022:
Booting Derby version The Apache Software Foundation - Apache Derby - 10.14.2.0 - (1828579): instance 005ec533-0183-7dd9-26bf-00000193cbf8 
on database directory memory:C:\Users\c1julymind158\eclipse-workspace\SectionJpa\a4f18b51-a2f7-4682-a657-bda2e9d8afec with class loader jdk.internal.loader.ClassLoaders$AppClassLoader@2328c243 
Loaded from file:/C:/Users/c1julymind158/.m2/repository/org/apache/derby/derby/10.14.2.0/derby-10.14.2.0.jar
java.vendor=Eclipse Adoptium
java.runtime.version=18.0.1+10
user.dir=C:\Users\c1julymind158\eclipse-workspace\SectionJpa
os.name=Windows 10
os.arch=amd64
os.version=10.0
derby.system.home=null
Database Class Loader started - derby.database.classpath=''
----------------------------------------------------------------
Tue Sep 27 13:12:46 GMT+05:30 2022:
Shutting down instance 005ec533-0183-7dd9-26bf-00000193cbf8 on database directory memory:C:\Users\c1julymind158\eclipse-workspace\SectionJpa\a4f18b51-a2f7-4682-a657-bda2e9d8afec with class loader jdk.internal.loader.ClassLoaders$AppClassLoader@2328c243 
----------------------------------------------------------------
Tue Sep 27 13:12:47 GMT+05:30 2022:
Booting Derby version The Apache Software Foundation - Apache Derby - 10.14.2.0 - (1828579): instance 458305d9-0183-7dd9-26bf-00000193cbf8 
on database directory memory:C:\Users\c1julymind158\eclipse-workspace\SectionJpa\344365f8-aa2b-4e23-9ed9-ba7136b48a2a with class loader jdk.internal.loader.ClassLoaders$AppClassLoader@2328c243 
Loaded from file:/C:/Users/c1julymind158/.m2/repository/org/apache/derby/derby/10.14.2.0/derby-10.14.2.0.jar
java.vendor=Eclipse Adoptium
java.runtime.version=18.0.1+10
user.dir=C:\Users\c1julymind158\eclipse-workspace\SectionJpa
os.name=Windows 10
os.arch=amd64
os.version=10.0
derby.system.home=null
Database Class Loader started - derby.database.classpath=''
----------------------------------------------------------------
Tue Sep 27 13:13:26 GMT+05:30 2022:
Shutting down instance 458305d9-0183-7dd9-26bf-00000193cbf8 on database directory memory:C:\Users\c1julymind158\eclipse-workspace\SectionJpa\344365f8-aa2b-4e23-9ed9-ba7136b48a2a with class loader jdk.internal.loader.ClassLoaders$AppClassLoader@2328c243 
----------------------------------------------------------------
Tue Sep 27 13:13:27 GMT+05:30 2022:
Booting Derby version The Apache Software Foundation - Apache Derby - 10.14.2.0 - (1828579): instance a590467f-0183-7dd9-26bf-00000193cbf8 
on database directory memory:C:\Users\c1julymind158\eclipse-workspace\SectionJpa\6493739c-c7c0-4200-8f89-1d8200646b29 with class loader jdk.internal.loader.ClassLoaders$AppClassLoader@2328c243 
Loaded from file:/C:/Users/c1julymind158/.m2/repository/org/apache/derby/derby/10.14.2.0/derby-10.14.2.0.jar
java.vendor=Eclipse Adoptium
java.runtime.version=18.0.1+10
user.dir=C:\Users\c1julymind158\eclipse-workspace\SectionJpa
os.name=Windows 10
os.arch=amd64
os.version=10.0
derby.system.home=null
Database Class Loader started - derby.database.classpath=''
----------------------------------------------------------------
Tue Sep 27 13:15:17 GMT+05:30 2022:
Shutting down instance a590467f-0183-7dd9-26bf-00000193cbf8 on database directory memory:C:\Users\c1julymind158\eclipse-workspace\SectionJpa\6493739c-c7c0-4200-8f89-1d8200646b29 with class loader jdk.internal.loader.ClassLoaders$AppClassLoader@2328c243 
----------------------------------------------------------------
Tue Sep 27 13:15:18 GMT+05:30 2022:
Booting Derby version The Apache Software Foundation - Apache Derby - 10.14.2.0 - (1828579): instance a0868725-0183-7dd9-26bf-00000193cbf8 
on database directory memory:C:\Users\c1julymind158\eclipse-workspace\SectionJpa\b644ad2a-7a32-4bda-9bd4-f3ff5b43c96f with class loader jdk.internal.loader.ClassLoaders$AppClassLoader@2328c243 
Loaded from file:/C:/Users/c1julymind158/.m2/repository/org/apache/derby/derby/10.14.2.0/derby-10.14.2.0.jar
java.vendor=Eclipse Adoptium
java.runtime.version=18.0.1+10
user.dir=C:\Users\c1julymind158\eclipse-workspace\SectionJpa
os.name=Windows 10
os.arch=amd64
os.version=10.0
derby.system.home=null
Database Class Loader started - derby.database.classpath=''
----------------------------------------------------------------
Tue Sep 27 13:15:26 GMT+05:30 2022:
Shutting down instance a0868725-0183-7dd9-26bf-00000193cbf8 on database directory memory:C:\Users\c1julymind158\eclipse-workspace\SectionJpa\b644ad2a-7a32-4bda-9bd4-f3ff5b43c96f with class loader jdk.internal.loader.ClassLoaders$AppClassLoader@2328c243 
----------------------------------------------------------------
Tue Sep 27 13:15:27 GMT+05:30 2022:
Booting Derby version The Apache Software Foundation - Apache Derby - 10.14.2.0 - (1828579): instance b665c7cb-0183-7dd9-26bf-00000193cbf8 
on database directory memory:C:\Users\c1julymind158\eclipse-workspace\SectionJpa\01ac813f-6c14-4278-9adc-1c51f29135aa with class loader jdk.internal.loader.ClassLoaders$AppClassLoader@2328c243 
Loaded from file:/C:/Users/c1julymind158/.m2/repository/org/apache/derby/derby/10.14.2.0/derby-10.14.2.0.jar
java.vendor=Eclipse Adoptium
java.runtime.version=18.0.1+10
user.dir=C:\Users\c1julymind158\eclipse-workspace\SectionJpa
os.name=Windows 10
os.arch=amd64
os.version=10.0
derby.system.home=null
Database Class Loader started - derby.database.classpath=''
----------------------------------------------------------------
Tue Sep 27 13:15:28 GMT+05:30 2022:
Shutting down instance b665c7cb-0183-7dd9-26bf-00000193cbf8 on database directory memory:C:\Users\c1julymind158\eclipse-workspace\SectionJpa\01ac813f-6c14-4278-9adc-1c51f29135aa with class loader jdk.internal.loader.ClassLoaders$AppClassLoader@2328c243 
----------------------------------------------------------------
Tue Sep 27 13:15:28 GMT+05:30 2022:
Booting Derby version The Apache Software Foundation - Apache Derby - 10.14.2.0 - (1828579): instance 672e0871-0183-7dd9-26bf-00000193cbf8 
on database directory memory:C:\Users\c1julymind158\eclipse-workspace\SectionJpa\01ac813f-6c14-4278-9adc-1c51f29135aa with class loader jdk.internal.loader.ClassLoaders$AppClassLoader@2328c243 
Loaded from file:/C:/Users/c1julymind158/.m2/repository/org/apache/derby/derby/10.14.2.0/derby-10.14.2.0.jar
java.vendor=Eclipse Adoptium
java.runtime.version=18.0.1+10
user.dir=C:\Users\c1julymind158\eclipse-workspace\SectionJpa
os.name=Windows 10
os.arch=amd64
os.version=10.0
derby.system.home=null
Database Class Loader started - derby.database.classpath=''
----------------------------------------------------------------
Tue Sep 27 13:17:54 GMT+05:30 2022:
Booting Derby version The Apache Software Foundation - Apache Derby - 10.14.2.0 - (1828579): instance f14a4872-0183-7dd9-26bf-00000193cbf8 
on database directory memory:C:\Users\c1julymind158\eclipse-workspace\SectionJpa\f23be1c7-edef-4394-820a-9a5bfcfc344e with class loader jdk.internal.loader.ClassLoaders$AppClassLoader@2328c243 
Loaded from file:/C:/Users/c1julymind158/.m2/repository/org/apache/derby/derby/10.14.2.0/derby-10.14.2.0.jar
java.vendor=Eclipse Adoptium
java.runtime.version=18.0.1+10
user.dir=C:\Users\c1julymind158\eclipse-workspace\SectionJpa
os.name=Windows 10
os.arch=amd64
os.version=10.0
derby.system.home=null
Database Class Loader started - derby.database.classpath=''
----------------------------------------------------------------
Tue Sep 27 13:18:23 GMT+05:30 2022:
Shutting down instance f14a4872-0183-7dd9-26bf-00000193cbf8 on database directory memory:C:\Users\c1julymind158\eclipse-workspace\SectionJpa\f23be1c7-edef-4394-820a-9a5bfcfc344e with class loader jdk.internal.loader.ClassLoaders$AppClassLoader@2328c243 
----------------------------------------------------------------
Tue Sep 27 13:18:23 GMT+05:30 2022:
Booting Derby version The Apache Software Foundation - Apache Derby - 10.14.2.0 - (1828579): instance 0d250918-0183-7dd9-26bf-00000193cbf8 
on database directory memory:C:\Users\c1julymind158\eclipse-workspace\SectionJpa\19b07369-f890-40db-894b-a17cf4967b5b with class loader jdk.internal.loader.ClassLoaders$AppClassLoader@2328c243 
Loaded from file:/C:/Users/c1julymind158/.m2/repository/org/apache/derby/derby/10.14.2.0/derby-10.14.2.0.jar
java.vendor=Eclipse Adoptium
java.runtime.version=18.0.1+10
user.dir=C:\Users\c1julymind158\eclipse-workspace\SectionJpa
os.name=Windows 10
os.arch=amd64
os.version=10.0
derby.system.home=null
Database Class Loader started - derby.database.classpath=''
----------------------------------------------------------------
Tue Sep 27 13:18:35 GMT+05:30 2022:
Shutting down instance 0d250918-0183-7dd9-26bf-00000193cbf8 on database directory memory:C:\Users\c1julymind158\eclipse-workspace\SectionJpa\19b07369-f890-40db-894b-a17cf4967b5b with class loader jdk.internal.loader.ClassLoaders$AppClassLoader@2328c243 
----------------------------------------------------------------
Tue Sep 27 13:18:36 GMT+05:30 2022:
Booting Derby version The Apache Software Foundation - Apache Derby - 10.14.2.0 - (1828579): instance 03e8c9be-0183-7dd9-26bf-00000193cbf8 
on database directory memory:C:\Users\c1julymind158\eclipse-workspace\SectionJpa\dec4e260-3d2a-4098-9730-73cd033aa599 with class loader jdk.internal.loader.ClassLoaders$AppClassLoader@2328c243 
Loaded from file:/C:/Users/c1julymind158/.m2/repository/org/apache/derby/derby/10.14.2.0/derby-10.14.2.0.jar
java.vendor=Eclipse Adoptium
java.runtime.version=18.0.1+10
user.dir=C:\Users\c1julymind158\eclipse-workspace\SectionJpa
os.name=Windows 10
os.arch=amd64
os.version=10.0
derby.system.home=null
Database Class Loader started - derby.database.classpath=''
----------------------------------------------------------------
Tue Sep 27 13:20:56 GMT+05:30 2022:
Shutting down instance 03e8c9be-0183-7dd9-26bf-00000193cbf8 on database directory memory:C:\Users\c1julymind158\eclipse-workspace\SectionJpa\dec4e260-3d2a-4098-9730-73cd033aa599 with class loader jdk.internal.loader.ClassLoaders$AppClassLoader@2328c243 
----------------------------------------------------------------
Tue Sep 27 13:20:57 GMT+05:30 2022:
Booting Derby version The Apache Software Foundation - Apache Derby - 10.14.2.0 - (1828579): instance 55958a64-0183-7dd9-26bf-00000193cbf8 
on database directory memory:C:\Users\c1julymind158\eclipse-workspace\SectionJpa\bddedad5-9923-4a9c-bcc8-c40567361da0 with class loader jdk.internal.loader.ClassLoaders$AppClassLoader@2328c243 
Loaded from file:/C:/Users/c1julymind158/.m2/repository/org/apache/derby/derby/10.14.2.0/derby-10.14.2.0.jar
java.vendor=Eclipse Adoptium
java.runtime.version=18.0.1+10
user.dir=C:\Users\c1julymind158\eclipse-workspace\SectionJpa
os.name=Windows 10
os.arch=amd64
os.version=10.0
derby.system.home=null
Database Class Loader started - derby.database.classpath=''
----------------------------------------------------------------
Tue Sep 27 13:26:25 GMT+05:30 2022:
Shutting down instance 55958a64-0183-7dd9-26bf-00000193cbf8 on database directory memory:C:\Users\c1julymind158\eclipse-workspace\SectionJpa\bddedad5-9923-4a9c-bcc8-c40567361da0 with class loader jdk.internal.loader.ClassLoaders$AppClassLoader@2328c243 
----------------------------------------------------------------
Tue Sep 27 13:26:26 GMT+05:30 2022:
Booting Derby version The Apache Software Foundation - Apache Derby - 10.14.2.0 - (1828579): instance adcf8b14-0183-7dd9-26bf-00000193cbf8 
on database directory memory:C:\Users\c1julymind158\eclipse-workspace\SectionJpa\ac273229-9e4f-4b9b-aac2-935b4ee00370 with class loader jdk.internal.loader.ClassLoaders$AppClassLoader@2328c243 
Loaded from file:/C:/Users/c1julymind158/.m2/repository/org/apache/derby/derby/10.14.2.0/derby-10.14.2.0.jar
java.vendor=Eclipse Adoptium
java.runtime.version=18.0.1+10
user.dir=C:\Users\c1julymind158\eclipse-workspace\SectionJpa
os.name=Windows 10
os.arch=amd64
os.version=10.0
derby.system.home=null
Database Class Loader started - derby.database.classpath=''
----------------------------------------------------------------
Tue Sep 27 13:26:56 GMT+05:30 2022:
Shutting down instance adcf8b14-0183-7dd9-26bf-00000193cbf8 on database directory memory:C:\Users\c1julymind158\eclipse-workspace\SectionJpa\ac273229-9e4f-4b9b-aac2-935b4ee00370 with class loader jdk.internal.loader.ClassLoaders$AppClassLoader@2328c243 
----------------------------------------------------------------
Tue Sep 27 13:26:57 GMT+05:30 2022:
Booting Derby version The Apache Software Foundation - Apache Derby - 10.14.2.0 - (1828579): instance f6ed4bba-0183-7dd9-26bf-00000193cbf8 
on database directory memory:C:\Users\c1julymind158\eclipse-workspace\SectionJpa\ef6b0e85-ca19-4e05-af17-b9c8a34b9cbc with class loader jdk.internal.loader.ClassLoaders$AppClassLoader@2328c243 
Loaded from file:/C:/Users/c1julymind158/.m2/repository/org/apache/derby/derby/10.14.2.0/derby-10.14.2.0.jar
java.vendor=Eclipse Adoptium
java.runtime.version=18.0.1+10
user.dir=C:\Users\c1julymind158\eclipse-workspace\SectionJpa
os.name=Windows 10
os.arch=amd64
os.version=10.0
derby.system.home=null
Database Class Loader started - derby.database.classpath=''
----------------------------------------------------------------
Tue Sep 27 13:27:32 GMT+05:30 2022:
Shutting down instance f6ed4bba-0183-7dd9-26bf-00000193cbf8 on database directory memory:C:\Users\c1julymind158\eclipse-workspace\SectionJpa\ef6b0e85-ca19-4e05-af17-b9c8a34b9cbc with class loader jdk.internal.loader.ClassLoaders$AppClassLoader@2328c243 
----------------------------------------------------------------
Tue Sep 27 13:27:33 GMT+05:30 2022:
Booting Derby version The Apache Software Foundation - Apache Derby - 10.14.2.0 - (1828579): instance 9af40c60-0183-7dd9-26bf-00000193cbf8 
on database directory memory:C:\Users\c1julymind158\eclipse-workspace\SectionJpa\25bb4977-1c6a-4243-90af-dba1482be58c with class loader jdk.internal.loader.ClassLoaders$AppClassLoader@2328c243 
Loaded from file:/C:/Users/c1julymind158/.m2/repository/org/apache/derby/derby/10.14.2.0/derby-10.14.2.0.jar
java.vendor=Eclipse Adoptium
java.runtime.version=18.0.1+10
user.dir=C:\Users\c1julymind158\eclipse-workspace\SectionJpa
os.name=Windows 10
os.arch=amd64
os.version=10.0
derby.system.home=null
Database Class Loader started - derby.database.classpath=''
----------------------------------------------------------------
Tue Sep 27 13:28:30 GMT+05:30 2022:
Shutting down instance 9af40c60-0183-7dd9-26bf-00000193cbf8 on database directory memory:C:\Users\c1julymind158\eclipse-workspace\SectionJpa\25bb4977-1c6a-4243-90af-dba1482be58c with class loader jdk.internal.loader.ClassLoaders$AppClassLoader@2328c243 
----------------------------------------------------------------
Tue Sep 27 13:28:31 GMT+05:30 2022:
Booting Derby version The Apache Software Foundation - Apache Derby - 10.14.2.0 - (1828579): instance 19e3cd06-0183-7dd9-26bf-00000193cbf8 
on database directory memory:C:\Users\c1julymind158\eclipse-workspace\SectionJpa\04e34e5c-8746-4214-8543-ebf16feb94ce with class loader jdk.internal.loader.ClassLoaders$AppClassLoader@2328c243 
Loaded from file:/C:/Users/c1julymind158/.m2/repository/org/apache/derby/derby/10.14.2.0/derby-10.14.2.0.jar
java.vendor=Eclipse Adoptium
java.runtime.version=18.0.1+10
user.dir=C:\Users\c1julymind158\eclipse-workspace\SectionJpa
os.name=Windows 10
os.arch=amd64
os.version=10.0
derby.system.home=null
Database Class Loader started - derby.database.classpath=''
----------------------------------------------------------------
Tue Sep 27 13:28:48 GMT+05:30 2022:
Shutting down instance 19e3cd06-0183-7dd9-26bf-00000193cbf8 on database directory memory:C:\Users\c1julymind158\eclipse-workspace\SectionJpa\04e34e5c-8746-4214-8543-ebf16feb94ce with class loader jdk.internal.loader.ClassLoaders$AppClassLoader@2328c243 
----------------------------------------------------------------
Tue Sep 27 13:28:49 GMT+05:30 2022:
Booting Derby version The Apache Software Foundation - Apache Derby - 10.14.2.0 - (1828579): instance f3bc8dac-0183-7dd9-26bf-00000193cbf8 
on database directory memory:C:\Users\c1julymind158\eclipse-workspace\SectionJpa\858dde63-6c32-4cd3-8c37-96768d03767a with class loader jdk.internal.loader.ClassLoaders$AppClassLoader@2328c243 
Loaded from file:/C:/Users/c1julymind158/.m2/repository/org/apache/derby/derby/10.14.2.0/derby-10.14.2.0.jar
java.vendor=Eclipse Adoptium
java.runtime.version=18.0.1+10
user.dir=C:\Users\c1julymind158\eclipse-workspace\SectionJpa
os.name=Windows 10
os.arch=amd64
os.version=10.0
derby.system.home=null
Database Class Loader started - derby.database.classpath=''
----------------------------------------------------------------
Tue Sep 27 13:29:29 GMT+05:30 2022:
Shutting down instance f3bc8dac-0183-7dd9-26bf-00000193cbf8 on database directory memory:C:\Users\c1julymind158\eclipse-workspace\SectionJpa\858dde63-6c32-4cd3-8c37-96768d03767a with class loader jdk.internal.loader.ClassLoaders$AppClassLoader@2328c243 
----------------------------------------------------------------
Tue Sep 27 13:29:30 GMT+05:30 2022:
Booting Derby version The Apache Software Foundation - Apache Derby - 10.14.2.0 - (1828579): instance a87e4e52-0183-7dd9-26bf-00000193cbf8 
on database directory memory:C:\Users\c1julymind158\eclipse-workspace\SectionJpa\eb40bf1a-c80b-492e-a244-144bdcdf39cc with class loader jdk.internal.loader.ClassLoaders$AppClassLoader@2328c243 
Loaded from file:/C:/Users/c1julymind158/.m2/repository/org/apache/derby/derby/10.14.2.0/derby-10.14.2.0.jar
java.vendor=Eclipse Adoptium
java.runtime.version=18.0.1+10
user.dir=C:\Users\c1julymind158\eclipse-workspace\SectionJpa
os.name=Windows 10
os.arch=amd64
os.version=10.0
derby.system.home=null
Database Class Loader started - derby.database.classpath=''
----------------------------------------------------------------
Tue Sep 27 13:31:34 GMT+05:30 2022:
Shutting down instance a87e4e52-0183-7dd9-26bf-00000193cbf8 on database directory memory:C:\Users\c1julymind158\eclipse-workspace\SectionJpa\eb40bf1a-c80b-492e-a244-144bdcdf39cc with class loader jdk.internal.loader.ClassLoaders$AppClassLoader@2328c243 
----------------------------------------------------------------
Tue Sep 27 13:31:35 GMT+05:30 2022:
Booting Derby version The Apache Software Foundation - Apache Derby - 10.14.2.0 - (1828579): instance d2e18efd-0183-7dd9-26bf-00000193cbf8 
on database directory memory:C:\Users\c1julymind158\eclipse-workspace\SectionJpa\2faf9084-6213-4693-be6f-06b84442a5b7 with class loader jdk.internal.loader.ClassLoaders$AppClassLoader@2328c243 
Loaded from file:/C:/Users/c1julymind158/.m2/repository/org/apache/derby/derby/10.14.2.0/derby-10.14.2.0.jar
java.vendor=Eclipse Adoptium
java.runtime.version=18.0.1+10
user.dir=C:\Users\c1julymind158\eclipse-workspace\SectionJpa
os.name=Windows 10
os.arch=amd64
os.version=10.0
derby.system.home=null
Database Class Loader started - derby.database.classpath=''
----------------------------------------------------------------
Tue Sep 27 13:33:11 GMT+05:30 2022:
Shutting down instance d2e18efd-0183-7dd9-26bf-00000193cbf8 on database directory memory:C:\Users\c1julymind158\eclipse-workspace\SectionJpa\2faf9084-6213-4693-be6f-06b84442a5b7 with class loader jdk.internal.loader.ClassLoaders$AppClassLoader@2328c243 
----------------------------------------------------------------
Tue Sep 27 13:33:12 GMT+05:30 2022:
Booting Derby version The Apache Software Foundation - Apache Derby - 10.14.2.0 - (1828579): instance 2e44cfa3-0183-7dd9-26bf-00000193cbf8 
on database directory memory:C:\Users\c1julymind158\eclipse-workspace\SectionJpa\daf5e145-4fe1-4a59-b766-69361783ae91 with class loader jdk.internal.loader.ClassLoaders$AppClassLoader@2328c243 
Loaded from file:/C:/Users/c1julymind158/.m2/repository/org/apache/derby/derby/10.14.2.0/derby-10.14.2.0.jar
java.vendor=Eclipse Adoptium
java.runtime.version=18.0.1+10
user.dir=C:\Users\c1julymind158\eclipse-workspace\SectionJpa
os.name=Windows 10
os.arch=amd64
os.version=10.0
derby.system.home=null
Database Class Loader started - derby.database.classpath=''
----------------------------------------------------------------
Tue Sep 27 13:33:27 GMT+05:30 2022:
Shutting down instance 2e44cfa3-0183-7dd9-26bf-00000193cbf8 on database directory memory:C:\Users\c1julymind158\eclipse-workspace\SectionJpa\daf5e145-4fe1-4a59-b766-69361783ae91 with class loader jdk.internal.loader.ClassLoaders$AppClassLoader@2328c243 
----------------------------------------------------------------
Tue Sep 27 13:33:28 GMT+05:30 2022:
Booting Derby version The Apache Software Foundation - Apache Derby - 10.14.2.0 - (1828579): instance 24911049-0183-7dd9-26bf-00000193cbf8 
on database directory memory:C:\Users\c1julymind158\eclipse-workspace\SectionJpa\7f9eb8c2-f861-44fa-8c9f-edbfc078fff4 with class loader jdk.internal.loader.ClassLoaders$AppClassLoader@2328c243 
Loaded from file:/C:/Users/c1julymind158/.m2/repository/org/apache/derby/derby/10.14.2.0/derby-10.14.2.0.jar
java.vendor=Eclipse Adoptium
java.runtime.version=18.0.1+10
user.dir=C:\Users\c1julymind158\eclipse-workspace\SectionJpa
os.name=Windows 10
os.arch=amd64
os.version=10.0
derby.system.home=null
Database Class Loader started - derby.database.classpath=''
----------------------------------------------------------------
Tue Sep 27 13:33:54 GMT+05:30 2022:
Shutting down instance 24911049-0183-7dd9-26bf-00000193cbf8 on database directory memory:C:\Users\c1julymind158\eclipse-workspace\SectionJpa\7f9eb8c2-f861-44fa-8c9f-edbfc078fff4 with class loader jdk.internal.loader.ClassLoaders$AppClassLoader@2328c243 
----------------------------------------------------------------
Tue Sep 27 13:33:55 GMT+05:30 2022:
Booting Derby version The Apache Software Foundation - Apache Derby - 10.14.2.0 - (1828579): instance 35c650ef-0183-7dd9-26bf-00000193cbf8 
on database directory memory:C:\Users\c1julymind158\eclipse-workspace\SectionJpa\35853453-b0c1-4e7f-be6b-584c45289a17 with class loader jdk.internal.loader.ClassLoaders$AppClassLoader@2328c243 
Loaded from file:/C:/Users/c1julymind158/.m2/repository/org/apache/derby/derby/10.14.2.0/derby-10.14.2.0.jar
java.vendor=Eclipse Adoptium
java.runtime.version=18.0.1+10
user.dir=C:\Users\c1julymind158\eclipse-workspace\SectionJpa
os.name=Windows 10
os.arch=amd64
os.version=10.0
derby.system.home=null
Database Class Loader started - derby.database.classpath=''
